Using pre-set license
Built from '2020.3/staging' branch; Version is '2020.3.4f1 (0abb6314276a) revision 703331'; Using compiler version '192528614'; Build Type 'Release'
OS: 'Windows 10 Home Single Language; OS build 19041.1052; Version 2004; 64bit' Language: 'en' Physical Memory: 16261 MB
BatchMode: 1, IsHumanControllingUs: 0, StartBugReporterOnCrash: 0, Is64bit: 1, IsPro: 0

 COMMAND LINE ARGUMENTS:
D:\Unity Game Projects\2020.3.4f1\Editor\Unity.exe
-adb2
-batchMode
-noUpm
-name
AssetImportWorker0
-projectPath
D:/Unity Game Projects/Pong Internship
-logFile
Logs/AssetImportWorker0.log
-srvPort
60690
Successfully changed project path to: D:/Unity Game Projects/Pong Internship
D:/Unity Game Projects/Pong Internship
Using Asset Import Pipeline V2.
Refreshing native plugins compatible for Editor in 38.35 ms, found 1 plugins.
Preloading 0 native plugins for Editor in 0.00 ms.
Initialize engine version: 2020.3.4f1 (0abb6314276a)
[Subsystems] Discovering subsystems at path D:/Unity Game Projects/2020.3.4f1/Editor/Data/Resources/UnitySubsystems
[Subsystems] Discovering subsystems at path D:/Unity Game Projects/Pong Internship/Assets
GfxDevice: creating device client; threaded=0
Direct3D:
    Version:  Direct3D 11.0 [level 11.1]
    Renderer: NVIDIA GeForce GTX 1660 Ti (ID=0x2191)
    Vendor:   
    VRAM:     5991 MB
    Driver:   27.21.14.6627
Initialize mono
Mono path[0] = 'D:/Unity Game Projects/2020.3.4f1/Editor/Data/Managed'
Mono path[1] = 'D:/Unity Game Projects/2020.3.4f1/Editor/Data/MonoBleedingEdge/lib/mono/unityjit'
Mono config path = 'D:/Unity Game Projects/2020.3.4f1/Editor/Data/MonoBleedingEdge/etc'
Using monoOptions --debugger-agent=transport=dt_socket,embedding=1,server=y,suspend=n,address=127.0.0.1:56568
Begin MonoManager ReloadAssembly
Registering precompiled unity dll's ...
Register platform support module: D:/Unity Game Projects/2020.3.4f1/Editor/Data/PlaybackEngines/WebGLSupport/UnityEditor.WebGL.Extensions.dll
Register platform support module: D:/Unity Game Projects/2020.3.4f1/Editor/Data/PlaybackEngines/MacStandaloneSupport/UnityEditor.OSXStandalone.Extensions.dll
Register platform support module: D:/Unity Game Projects/2020.3.4f1/Editor/Data/PlaybackEngines/WindowsStandaloneSupport/UnityEditor.WindowsStandalone.Extensions.dll
Register platform support module: D:/Unity Game Projects/2020.3.4f1/Editor/Data/PlaybackEngines/LinuxStandaloneSupport/UnityEditor.LinuxStandalone.Extensions.dll
Registered in 0.001862 seconds.
Native extension for LinuxStandalone target not found
Native extension for WindowsStandalone target not found
Native extension for OSXStandalone target not found
Native extension for WebGL target not found
Refreshing native plugins compatible for Editor in 35.24 ms, found 1 plugins.
Preloading 0 native plugins for Editor in 0.00 ms.
Mono: successfully reloaded assembly
- Completed reload, in  2.573 seconds
Platform modules already initialized, skipping
Registering precompiled user dll's ...
Registered in 0.000822 seconds.
Begin MonoManager ReloadAssembly
Native extension for LinuxStandalone target not found
Native extension for WindowsStandalone target not found
Native extension for OSXStandalone target not found
Native extension for WebGL target not found
Refreshing native plugins compatible for Editor in 33.18 ms, found 1 plugins.
Preloading 0 native plugins for Editor in 0.00 ms.
Mono: successfully reloaded assembly
- Completed reload, in  0.892 seconds
Platform modules already initialized, skipping
========================================================================
Worker process is ready to serve import requests
Launched and connected shader compiler UnityShaderCompiler.exe after 0.06 seconds
Refreshing native plugins compatible for Editor in 0.34 ms, found 1 plugins.
Preloading 0 native plugins for Editor in 0.00 ms.
Unloading 1834 Unused Serialized files (Serialized files now loaded: 0)
System memory in use before: 86.0 MB.
System memory in use after: 86.1 MB.

Unloading 19 unused Assets to reduce memory usage. Loaded Objects now: 2287.
Total: 2.075500 ms (FindLiveObjects: 0.290500 ms CreateObjectMapping: 0.124900 ms MarkObjects: 1.597800 ms  DeleteObjects: 0.060800 ms)

========================================================================
Received Import Request.
  path: Assets/Scripts/Space Invaders/SpaceInvaderManager.cs
  artifactKey: Guid(794e23f557d534740a288575aa3f6bbb) Importer(815301076,1909f56bfc062723c751e8b465ee728b)
Start importing Assets/Scripts/Space Invaders/SpaceInvaderManager.cs using Guid(794e23f557d534740a288575aa3f6bbb) Importer(815301076,1909f56bfc062723c751e8b465ee728b)  -> (artifact id: '19f87ba9e77822be86dfaac79adec933') in 0.215440 seconds
  Import took 0.409703 seconds .

========================================================================
Received Import Request.
  Time since last request: 0.000848 seconds.
  path: Assets/Scripts/Space Invaders/SpaceInvaderPlayer.cs
  artifactKey: Guid(f829bd8f827e73847a8f0ac371d8f416) Importer(815301076,1909f56bfc062723c751e8b465ee728b)
Start importing Assets/Scripts/Space Invaders/SpaceInvaderPlayer.cs using Guid(f829bd8f827e73847a8f0ac371d8f416) Importer(815301076,1909f56bfc062723c751e8b465ee728b)  -> (artifact id: '0251cf753c8d2969e13cefc8e270cc57') in 0.001883 seconds
  Import took 0.023575 seconds .

========================================================================
Received Import Request.
  Time since last request: 0.000312 seconds.
  path: Assets/Scripts/Space Invaders/SpaceInvader.cs
  artifactKey: Guid(9a8bd2ed88eb5d242a78897ee45bc2fc) Importer(815301076,1909f56bfc062723c751e8b465ee728b)
Start importing Assets/Scripts/Space Invaders/SpaceInvader.cs using Guid(9a8bd2ed88eb5d242a78897ee45bc2fc) Importer(815301076,1909f56bfc062723c751e8b465ee728b)  -> (artifact id: '64adca0e722e702be70a7dc23e5de03c') in 0.001610 seconds
  Import took 0.003559 seconds .

AssetImportWorkerClient::OnTransportError - code=2 error=End of file
