Using pre-set license
Built from '2020.3/staging' branch; Version is '2020.3.4f1 (0abb6314276a) revision 703331'; Using compiler version '192528614'; Build Type 'Release'
OS: 'Windows 10 Home Single Language; OS build 19041.1052; Version 2004; 64bit' Language: 'en' Physical Memory: 16261 MB
BatchMode: 1, IsHumanControllingUs: 0, StartBugReporterOnCrash: 0, Is64bit: 1, IsPro: 0

 COMMAND LINE ARGUMENTS:
D:\Unity Game Projects\2020.3.4f1\Editor\Unity.exe
-adb2
-batchMode
-noUpm
-name
AssetImportWorker0
-projectPath
D:/Unity Game Projects/Pong Internship
-logFile
Logs/AssetImportWorker0.log
-srvPort
50760
Successfully changed project path to: D:/Unity Game Projects/Pong Internship
D:/Unity Game Projects/Pong Internship
Using Asset Import Pipeline V2.
Refreshing native plugins compatible for Editor in 43.06 ms, found 1 plugins.
Preloading 0 native plugins for Editor in 0.00 ms.
Initialize engine version: 2020.3.4f1 (0abb6314276a)
[Subsystems] Discovering subsystems at path D:/Unity Game Projects/2020.3.4f1/Editor/Data/Resources/UnitySubsystems
[Subsystems] Discovering subsystems at path D:/Unity Game Projects/Pong Internship/Assets
GfxDevice: creating device client; threaded=0
Direct3D:
    Version:  Direct3D 11.0 [level 11.1]
    Renderer: NVIDIA GeForce GTX 1660 Ti (ID=0x2191)
    Vendor:   
    VRAM:     5991 MB
    Driver:   27.21.14.6627
Initialize mono
Mono path[0] = 'D:/Unity Game Projects/2020.3.4f1/Editor/Data/Managed'
Mono path[1] = 'D:/Unity Game Projects/2020.3.4f1/Editor/Data/MonoBleedingEdge/lib/mono/unityjit'
Mono config path = 'D:/Unity Game Projects/2020.3.4f1/Editor/Data/MonoBleedingEdge/etc'
Using monoOptions --debugger-agent=transport=dt_socket,embedding=1,server=y,suspend=n,address=127.0.0.1:56844
Begin MonoManager ReloadAssembly
Registering precompiled unity dll's ...
Register platform support module: D:/Unity Game Projects/2020.3.4f1/Editor/Data/PlaybackEngines/WebGLSupport/UnityEditor.WebGL.Extensions.dll
Register platform support module: D:/Unity Game Projects/2020.3.4f1/Editor/Data/PlaybackEngines/MacStandaloneSupport/UnityEditor.OSXStandalone.Extensions.dll
Register platform support module: D:/Unity Game Projects/2020.3.4f1/Editor/Data/PlaybackEngines/WindowsStandaloneSupport/UnityEditor.WindowsStandalone.Extensions.dll
Register platform support module: D:/Unity Game Projects/2020.3.4f1/Editor/Data/PlaybackEngines/LinuxStandaloneSupport/UnityEditor.LinuxStandalone.Extensions.dll
Registered in 0.002180 seconds.
Native extension for LinuxStandalone target not found
Native extension for WindowsStandalone target not found
Native extension for OSXStandalone target not found
Native extension for WebGL target not found
Refreshing native plugins compatible for Editor in 37.50 ms, found 1 plugins.
Preloading 0 native plugins for Editor in 0.00 ms.
Mono: successfully reloaded assembly
- Completed reload, in  2.654 seconds
Platform modules already initialized, skipping
Registering precompiled user dll's ...
Registered in 0.000850 seconds.
Begin MonoManager ReloadAssembly
Native extension for LinuxStandalone target not found
Native extension for WindowsStandalone target not found
Native extension for OSXStandalone target not found
Native extension for WebGL target not found
Refreshing native plugins compatible for Editor in 37.60 ms, found 1 plugins.
Preloading 0 native plugins for Editor in 0.00 ms.
Mono: successfully reloaded assembly
- Completed reload, in  0.989 seconds
Platform modules already initialized, skipping
========================================================================
Worker process is ready to serve import requests
Launched and connected shader compiler UnityShaderCompiler.exe after 0.04 seconds
Refreshing native plugins compatible for Editor in 0.35 ms, found 1 plugins.
Preloading 0 native plugins for Editor in 0.00 ms.
Unloading 1834 Unused Serialized files (Serialized files now loaded: 0)
System memory in use before: 86.0 MB.
System memory in use after: 86.1 MB.

Unloading 19 unused Assets to reduce memory usage. Loaded Objects now: 2287.
Total: 5.134700 ms (FindLiveObjects: 0.463000 ms CreateObjectMapping: 0.214600 ms MarkObjects: 4.310500 ms  DeleteObjects: 0.144200 ms)

========================================================================
Received Import Request.
  path: Assets/Scenes/Space Invaders.unity
  artifactKey: Guid(3fa62766fb6359f41934b736df6aa162) Importer(815301076,1909f56bfc062723c751e8b465ee728b)
Start importing Assets/Scenes/Space Invaders.unity using Guid(3fa62766fb6359f41934b736df6aa162) Importer(815301076,1909f56bfc062723c751e8b465ee728b)  -> (artifact id: '2937b796c2abd99824a6288febaad173') in 0.901290 seconds
  Import took 0.937804 seconds .

========================================================================
Received Prepare
Refreshing native plugins compatible for Editor in 1.84 ms, found 1 plugins.
Preloading 0 native plugins for Editor in 0.00 ms.
Unloading 5 Unused Serialized files (Serialized files now loaded: 0)
System memory in use before: 49.3 MB.
System memory in use after: 49.5 MB.

Unloading 5 unused Assets to reduce memory usage. Loaded Objects now: 2287.
Total: 4.100500 ms (FindLiveObjects: 0.382400 ms CreateObjectMapping: 0.159200 ms MarkObjects: 3.534400 ms  DeleteObjects: 0.023100 ms)

========================================================================
Received Import Request.
  Time since last request: 42.269757 seconds.
  path: Assets/Scenes/Space Race 3D.unity
  artifactKey: Guid(89b2c8186aeda3a49bb1b9cb581c806b) Importer(815301076,1909f56bfc062723c751e8b465ee728b)
Start importing Assets/Scenes/Space Race 3D.unity using Guid(89b2c8186aeda3a49bb1b9cb581c806b) Importer(815301076,1909f56bfc062723c751e8b465ee728b)  -> (artifact id: 'a6407610bcc8e1618f583627a254d61e') in 0.003298 seconds
  Import took 0.089650 seconds .

========================================================================
Received Prepare
Registering precompiled user dll's ...
Registered in 0.001072 seconds.
Begin MonoManager ReloadAssembly
Native extension for LinuxStandalone target not found
Native extension for WindowsStandalone target not found
Native extension for OSXStandalone target not found
Native extension for WebGL target not found
Refreshing native plugins compatible for Editor in 0.59 ms, found 1 plugins.
Preloading 0 native plugins for Editor in 0.00 ms.
Mono: successfully reloaded assembly
- Completed reload, in  0.969 seconds
Platform modules already initialized, skipping
Refreshing native plugins compatible for Editor in 0.39 ms, found 1 plugins.
Preloading 0 native plugins for Editor in 0.00 ms.
Unloading 1824 Unused Serialized files (Serialized files now loaded: 0)
System memory in use before: 85.5 MB.
System memory in use after: 85.6 MB.

Unloading 7 unused Assets to reduce memory usage. Loaded Objects now: 2291.
Total: 2.606500 ms (FindLiveObjects: 0.213600 ms CreateObjectMapping: 0.083000 ms MarkObjects: 2.285800 ms  DeleteObjects: 0.022600 ms)

========================================================================
Received Prepare
Registering precompiled user dll's ...
Registered in 0.001407 seconds.
Begin MonoManager ReloadAssembly
Native extension for LinuxStandalone target not found
Native extension for WindowsStandalone target not found
Native extension for OSXStandalone target not found
Native extension for WebGL target not found
Refreshing native plugins compatible for Editor in 0.55 ms, found 1 plugins.
Preloading 0 native plugins for Editor in 0.00 ms.
Mono: successfully reloaded assembly
- Completed reload, in  1.046 seconds
Platform modules already initialized, skipping
Refreshing native plugins compatible for Editor in 0.62 ms, found 1 plugins.
Preloading 0 native plugins for Editor in 0.00 ms.
Unloading 1824 Unused Serialized files (Serialized files now loaded: 0)
System memory in use before: 85.5 MB.
System memory in use after: 85.7 MB.

Unloading 7 unused Assets to reduce memory usage. Loaded Objects now: 2295.
Total: 2.817600 ms (FindLiveObjects: 0.308200 ms CreateObjectMapping: 0.120400 ms MarkObjects: 2.363500 ms  DeleteObjects: 0.024100 ms)

========================================================================
Received Prepare
Registering precompiled user dll's ...
Registered in 0.001077 seconds.
Begin MonoManager ReloadAssembly
Native extension for LinuxStandalone target not found
Native extension for WindowsStandalone target not found
Native extension for OSXStandalone target not found
Native extension for WebGL target not found
Refreshing native plugins compatible for Editor in 0.55 ms, found 1 plugins.
Preloading 0 native plugins for Editor in 0.00 ms.
Mono: successfully reloaded assembly
- Completed reload, in  1.121 seconds
Platform modules already initialized, skipping
Refreshing native plugins compatible for Editor in 0.43 ms, found 1 plugins.
Preloading 0 native plugins for Editor in 0.00 ms.
Unloading 1824 Unused Serialized files (Serialized files now loaded: 0)
System memory in use before: 85.6 MB.
System memory in use after: 85.7 MB.

Unloading 7 unused Assets to reduce memory usage. Loaded Objects now: 2299.
Total: 2.199200 ms (FindLiveObjects: 0.188800 ms CreateObjectMapping: 0.072900 ms MarkObjects: 1.916100 ms  DeleteObjects: 0.019900 ms)

========================================================================
Received Prepare
Registering precompiled user dll's ...
Registered in 0.001214 seconds.
Begin MonoManager ReloadAssembly
Native extension for LinuxStandalone target not found
Native extension for WindowsStandalone target not found
Native extension for OSXStandalone target not found
Native extension for WebGL target not found
Refreshing native plugins compatible for Editor in 0.44 ms, found 1 plugins.
Preloading 0 native plugins for Editor in 0.00 ms.
Mono: successfully reloaded assembly
- Completed reload, in  1.583 seconds
Platform modules already initialized, skipping
Refreshing native plugins compatible for Editor in 0.52 ms, found 1 plugins.
Preloading 0 native plugins for Editor in 0.00 ms.
Unloading 1824 Unused Serialized files (Serialized files now loaded: 0)
System memory in use before: 85.6 MB.
System memory in use after: 85.7 MB.

Unloading 7 unused Assets to reduce memory usage. Loaded Objects now: 2303.
Total: 2.532400 ms (FindLiveObjects: 0.407100 ms CreateObjectMapping: 0.087700 ms MarkObjects: 2.017600 ms  DeleteObjects: 0.018700 ms)

========================================================================
Received Import Request.
  Time since last request: 125.033978 seconds.
  path: Assets/Scripts/Space Invaders/SpaceInvader.cs
  artifactKey: Guid(9a8bd2ed88eb5d242a78897ee45bc2fc) Importer(815301076,1909f56bfc062723c751e8b465ee728b)
Start importing Assets/Scripts/Space Invaders/SpaceInvader.cs using Guid(9a8bd2ed88eb5d242a78897ee45bc2fc) Importer(815301076,1909f56bfc062723c751e8b465ee728b)  -> (artifact id: '241c590453ea877e605cb06de5ebf669') in 0.083223 seconds
  Import took 0.109844 seconds .

========================================================================
Received Import Request.
  Time since last request: 2.680099 seconds.
  path: Assets/Scripts/Space Invaders/SpaceInvaderLaser.cs
  artifactKey: Guid(c24b7c78918af5c4e96bfcd27ac5e7c0) Importer(815301076,1909f56bfc062723c751e8b465ee728b)
Start importing Assets/Scripts/Space Invaders/SpaceInvaderLaser.cs using Guid(c24b7c78918af5c4e96bfcd27ac5e7c0) Importer(815301076,1909f56bfc062723c751e8b465ee728b)  -> (artifact id: '017be365551d5f6c9230a0c49ff450fe') in 0.002055 seconds
  Import took 0.097220 seconds .

========================================================================
Received Import Request.
  Time since last request: 1.825241 seconds.
  path: Assets/Scripts/Space Invaders/SpaceInvaderManager.cs
  artifactKey: Guid(794e23f557d534740a288575aa3f6bbb) Importer(815301076,1909f56bfc062723c751e8b465ee728b)
Start importing Assets/Scripts/Space Invaders/SpaceInvaderManager.cs using Guid(794e23f557d534740a288575aa3f6bbb) Importer(815301076,1909f56bfc062723c751e8b465ee728b)  -> (artifact id: '67d58d141131d6085ced96b17dfdeef0') in 0.002190 seconds
  Import took 0.093963 seconds .

========================================================================
Received Import Request.
  Time since last request: 2.086652 seconds.
  path: Assets/Scripts/Space Invaders/SpaceInvaderPlayer.cs
  artifactKey: Guid(f829bd8f827e73847a8f0ac371d8f416) Importer(815301076,1909f56bfc062723c751e8b465ee728b)
Start importing Assets/Scripts/Space Invaders/SpaceInvaderPlayer.cs using Guid(f829bd8f827e73847a8f0ac371d8f416) Importer(815301076,1909f56bfc062723c751e8b465ee728b)  -> (artifact id: '47cdcc7f50e3bce0895733414b5155e3') in 0.001728 seconds
  Import took 0.114713 seconds .

========================================================================
Received Import Request.
  Time since last request: 1.688874 seconds.
  path: Assets/Scripts/Space Invaders/SpaceInvadersGameLoop.cs
  artifactKey: Guid(94e2fee09f77cd44489056dfba1150cc) Importer(815301076,1909f56bfc062723c751e8b465ee728b)
Start importing Assets/Scripts/Space Invaders/SpaceInvadersGameLoop.cs using Guid(94e2fee09f77cd44489056dfba1150cc) Importer(815301076,1909f56bfc062723c751e8b465ee728b)  -> (artifact id: '0f19465d525c99cac9065d23a698670d') in 0.001550 seconds
  Import took 0.179660 seconds .

========================================================================
Received Import Request.
  Time since last request: 16.092715 seconds.
  path: Assets/Scripts/Pong/BallManager.cs
  artifactKey: Guid(67266516403f9204cb6fb777c0d6bf8a) Importer(815301076,1909f56bfc062723c751e8b465ee728b)
Start importing Assets/Scripts/Pong/BallManager.cs using Guid(67266516403f9204cb6fb777c0d6bf8a) Importer(815301076,1909f56bfc062723c751e8b465ee728b)  -> (artifact id: 'fdf6ef8881476ff1e1ff96cec8334b24') in 0.001440 seconds
  Import took 0.115764 seconds .

AssetImportWorkerClient::OnTransportError - code=2 error=End of file
